2023-04-11 09:33:53,646 | DEBUG | template_generator:17 =>
[ [***] | Logger INITIALIZED | [***] ]

2023-04-11 09:33:53,720 | ERROR | template_generator.main.build_jina_template:181 =>
[ Error build templates ]

2023-04-11 09:37:12,336 | DEBUG | template_generator:17 =>
[ [***] | Logger INITIALIZED | [***] ]

2023-04-11 09:37:12,456 | ERROR | template_generator.main.build_jina_template:184 =>
[ Error build templates ]

2023-04-11 09:37:28,525 | DEBUG | template_generator:17 =>
[ [***] | Logger INITIALIZED | [***] ]

2023-04-11 09:37:28,584 | ERROR | template_generator.main.build_jina_template:184 =>
[ Error build templates ]

2023-04-11 09:39:14,793 | DEBUG | template_generator:17 =>
[ [***] | Logger INITIALIZED | [***] ]

2023-04-11 09:39:14,845 | ERROR | template_generator.main.build_jina_template:181 =>
[ Error build templates ]

2023-04-11 09:40:50,541 | DEBUG | template_generator:17 =>
[ [***] | Logger INITIALIZED | [***] ]

2023-04-11 09:40:50,687 | ERROR | template_generator.main.build_jina_template:182 =>
[ Error build templates ]

2023-04-11 09:41:12,192 | DEBUG | template_generator:17 =>
[ [***] | Logger INITIALIZED | [***] ]

2023-04-11 09:41:12,561 | ERROR | template_generator.main.build_jina_template:182 =>
[ Error build templates ]

2023-04-11 09:42:24,379 | DEBUG | template_generator:17 =>
[ [***] | Logger INITIALIZED | [***] ]

2023-04-11 09:42:24,846 | ERROR | template_generator.main.build_jina_template:182 =>
[ Error build templates ]

2023-04-11 09:50:18,854 | DEBUG | template_generator:17 =>
[ [***] | Logger INITIALIZED | [***] ]

2023-04-11 09:50:18,939 | DEBUG | template_generator.main.build_jina_template:179 =>
[ Build templates successfully ]

2023-04-11 09:52:42,586 | DEBUG | template_generator:17 =>
[ [***] | Logger INITIALIZED | [***] ]

2023-04-11 09:52:42,672 | DEBUG | template_generator.main.build_jina_template:179 =>
[ Build templates successfully ]

2023-04-11 09:53:33,416 | DEBUG | template_generator:17 =>
[ [***] | Logger INITIALIZED | [***] ]

2023-04-11 09:53:33,483 | DEBUG | template_generator.main.build_jina_template:179 =>
[ Build templates successfully ]

2023-04-11 09:59:56,076 | DEBUG | template_generator:17 =>
[ [***] | Logger INITIALIZED | [***] ]

2023-04-11 09:59:56,107 | DEBUG | template_generator.main.build_jina_template:179 =>
[ Build templates successfully ]

2023-04-11 10:01:37,070 | DEBUG | template_generator:17 =>
[ [***] | Logger INITIALIZED | [***] ]

2023-04-11 10:01:37,111 | DEBUG | template_generator.main.build_jina_template:179 =>
[ Build templates successfully ]

2023-04-11 10:05:42,078 | DEBUG | template_generator:17 =>
[ [***] | Logger INITIALIZED | [***] ]

2023-04-11 10:05:42,505 | DEBUG | template_generator.main.build_jina_template:180 =>
[ Build templates successfully ]

2023-04-11 10:06:54,639 | DEBUG | template_generator:17 =>
[ [***] | Logger INITIALIZED | [***] ]

2023-04-11 10:06:55,018 | DEBUG | template_generator.main.build_jina_template:180 =>
[ Build templates successfully ]

2023-04-11 10:08:15,163 | DEBUG | template_generator:17 =>
[ [***] | Logger INITIALIZED | [***] ]

2023-04-11 10:08:15,296 | DEBUG | template_generator.main.build_jina_template:180 =>
[ Build templates successfully ]

2023-04-11 10:12:47,235 | DEBUG | template_generator:17 =>
[ [***] | Logger INITIALIZED | [***] ]

2023-04-11 10:12:48,037 | DEBUG | template_generator.main.build_jina_template:180 =>
[ Build templates successfully ]

2023-04-11 10:17:10,308 | DEBUG | template_generator:17 =>
[ [***] | Logger INITIALIZED | [***] ]

2023-04-11 10:17:11,018 | DEBUG | template_generator.main.build_jina_template:180 =>
[ Build templates successfully ]

2023-04-11 10:18:10,741 | DEBUG | template_generator:17 =>
[ [***] | Logger INITIALIZED | [***] ]

2023-04-11 10:18:10,805 | ERROR | template_generator.main.build_jina_template:182 =>
[ Error build templates ]

2023-04-11 10:18:40,698 | DEBUG | template_generator:17 =>
[ [***] | Logger INITIALIZED | [***] ]

2023-04-11 10:18:40,735 | ERROR | template_generator.main.build_jina_template:182 =>
[ Error build templates ]

2023-04-11 10:19:09,423 | DEBUG | template_generator:17 =>
[ [***] | Logger INITIALIZED | [***] ]

2023-04-11 10:19:09,463 | ERROR | template_generator.main.build_jina_template:182 =>
[ Error build templates ]

2023-04-11 10:21:35,081 | DEBUG | template_generator:17 =>
[ [***] | Logger INITIALIZED | [***] ]

2023-04-11 10:21:35,507 | DEBUG | template_generator.main.build_jina_template:180 =>
[ Build templates successfully ]

2023-04-11 10:22:37,578 | DEBUG | template_generator:17 =>
[ [***] | Logger INITIALIZED | [***] ]

2023-04-11 10:22:37,972 | DEBUG | template_generator.main.build_jina_template:180 =>
[ Build templates successfully ]

2023-04-11 10:32:16,228 | DEBUG | template_generator:17 =>
[ [***] | Logger INITIALIZED | [***] ]

2023-04-11 10:33:15,805 | DEBUG | template_generator:17 =>
[ [***] | Logger INITIALIZED | [***] ]

2023-04-11 10:33:33,711 | DEBUG | template_generator:17 =>
[ [***] | Logger INITIALIZED | [***] ]

2023-04-11 10:33:34,317 | DEBUG | template_generator.main.build_jina_template:180 =>
[ Build templates successfully ]

2023-04-11 10:34:13,002 | DEBUG | template_generator:17 =>
[ [***] | Logger INITIALIZED | [***] ]

2023-04-11 10:34:13,493 | DEBUG | template_generator.main.build_jina_template:180 =>
[ Build templates successfully ]

2023-04-11 14:15:45,320 | DEBUG | template_generator:17 =>
[ [***] | Logger INITIALIZED | [***] ]

2023-04-11 14:15:46,156 | DEBUG | template_generator.main.build_jina_template:180 =>
[ Build templates successfully ]

2023-04-19 12:30:46,480 | DEBUG | template_generator:17 =>
[ [***] | Logger INITIALIZED | [***] ]

2023-04-19 12:31:21,713 | DEBUG | template_generator:17 =>
[ [***] | Logger INITIALIZED | [***] ]

2023-04-19 12:31:48,769 | DEBUG | template_generator:17 =>
[ [***] | Logger INITIALIZED | [***] ]

2023-04-19 12:31:48,794 | DEBUG | template_generator.main.build_jina_template:174 =>
[ Build templates successfully ]

2023-04-19 12:35:42,891 | DEBUG | template_generator:17 =>
[ [***] | Logger INITIALIZED | [***] ]

2023-04-19 12:35:42,906 | DEBUG | template_generator.main.build_jina_template:176 =>
[ Build templates successfully ]

2023-04-19 12:51:21,947 | DEBUG | template_generator:17 =>
[ [***] | Logger INITIALIZED | [***] ]

2023-04-19 12:51:21,979 | DEBUG | template_generator.main.build_jina_template:176 =>
[ Build templates successfully ]

2023-04-19 12:52:13,483 | DEBUG | template_generator:17 =>
[ [***] | Logger INITIALIZED | [***] ]

2023-04-19 12:52:13,512 | DEBUG | template_generator.main.build_jina_template:176 =>
[ Build templates successfully ]

2023-04-19 12:52:54,330 | DEBUG | template_generator:17 =>
[ [***] | Logger INITIALIZED | [***] ]

2023-04-19 12:52:54,413 | DEBUG | template_generator.main.build_jina_template:176 =>
[ Build templates successfully ]

2023-04-20 14:30:30,295 | DEBUG | template_generator:17 =>
[ [***] | Logger INITIALIZED | [***] ]

2023-04-20 14:32:25,229 | DEBUG | template_generator:17 =>
[ [***] | Logger INITIALIZED | [***] ]

2023-04-20 14:36:03,904 | DEBUG | template_generator:17 =>
[ [***] | Logger INITIALIZED | [***] ]

2023-04-20 15:11:08,165 | DEBUG | template_generator:17 =>
[ [***] | Logger INITIALIZED | [***] ]

2023-04-20 15:12:10,965 | DEBUG | template_generator:17 =>
[ [***] | Logger INITIALIZED | [***] ]

2023-04-20 15:12:42,162 | DEBUG | template_generator:17 =>
[ [***] | Logger INITIALIZED | [***] ]

2023-04-20 15:13:01,797 | DEBUG | template_generator:17 =>
[ [***] | Logger INITIALIZED | [***] ]

2023-04-20 15:14:15,408 | DEBUG | template_generator:17 =>
[ [***] | Logger INITIALIZED | [***] ]

2023-04-20 15:18:35,170 | DEBUG | template_generator:17 =>
[ [***] | Logger INITIALIZED | [***] ]

2023-04-20 15:18:59,397 | DEBUG | template_generator:17 =>
[ [***] | Logger INITIALIZED | [***] ]

2023-04-20 15:22:01,124 | DEBUG | template_generator:17 =>
[ [***] | Logger INITIALIZED | [***] ]

2023-04-20 15:22:32,676 | DEBUG | template_generator:17 =>
[ [***] | Logger INITIALIZED | [***] ]

2023-04-20 15:23:17,150 | DEBUG | template_generator:17 =>
[ [***] | Logger INITIALIZED | [***] ]

2023-04-20 15:25:23,720 | DEBUG | template_generator:17 =>
[ [***] | Logger INITIALIZED | [***] ]

2023-04-20 15:26:39,218 | DEBUG | template_generator:17 =>
[ [***] | Logger INITIALIZED | [***] ]

2023-04-20 15:27:36,716 | DEBUG | template_generator:17 =>
[ [***] | Logger INITIALIZED | [***] ]

2023-04-20 15:28:45,921 | DEBUG | template_generator:17 =>
[ [***] | Logger INITIALIZED | [***] ]

2023-04-20 15:29:06,849 | DEBUG | template_generator:17 =>
[ [***] | Logger INITIALIZED | [***] ]

2023-04-20 15:29:29,131 | DEBUG | template_generator:17 =>
[ [***] | Logger INITIALIZED | [***] ]

2023-04-20 15:30:17,109 | DEBUG | template_generator:17 =>
[ [***] | Logger INITIALIZED | [***] ]

2023-04-20 15:31:28,817 | DEBUG | template_generator:17 =>
[ [***] | Logger INITIALIZED | [***] ]

2023-04-20 15:32:25,279 | DEBUG | template_generator:17 =>
[ [***] | Logger INITIALIZED | [***] ]

2023-04-20 15:33:19,916 | DEBUG | template_generator:17 =>
[ [***] | Logger INITIALIZED | [***] ]

2023-04-20 15:34:59,954 | DEBUG | template_generator:17 =>
[ [***] | Logger INITIALIZED | [***] ]

2023-04-20 15:36:33,895 | DEBUG | template_generator:17 =>
[ [***] | Logger INITIALIZED | [***] ]

2023-04-20 15:37:59,807 | DEBUG | template_generator:17 =>
[ [***] | Logger INITIALIZED | [***] ]

2023-04-20 15:38:26,730 | DEBUG | template_generator:17 =>
[ [***] | Logger INITIALIZED | [***] ]

2023-04-20 15:38:56,363 | DEBUG | template_generator:17 =>
[ [***] | Logger INITIALIZED | [***] ]

2023-04-20 15:39:22,014 | DEBUG | template_generator:17 =>
[ [***] | Logger INITIALIZED | [***] ]

2023-04-20 15:39:55,254 | DEBUG | template_generator:17 =>
[ [***] | Logger INITIALIZED | [***] ]

2023-04-20 15:44:03,311 | DEBUG | template_generator:17 =>
[ [***] | Logger INITIALIZED | [***] ]

2023-04-20 15:44:24,674 | DEBUG | template_generator:17 =>
[ [***] | Logger INITIALIZED | [***] ]

2023-04-20 15:45:27,818 | DEBUG | template_generator:17 =>
[ [***] | Logger INITIALIZED | [***] ]

2023-04-20 15:45:52,683 | DEBUG | template_generator:17 =>
[ [***] | Logger INITIALIZED | [***] ]

2023-04-20 15:46:04,951 | DEBUG | template_generator:17 =>
[ [***] | Logger INITIALIZED | [***] ]

2023-04-20 15:46:45,835 | DEBUG | template_generator:17 =>
[ [***] | Logger INITIALIZED | [***] ]

2023-04-20 15:48:38,293 | DEBUG | template_generator:17 =>
[ [***] | Logger INITIALIZED | [***] ]

2023-04-20 15:49:59,127 | DEBUG | template_generator:17 =>
[ [***] | Logger INITIALIZED | [***] ]

2023-04-20 15:52:09,853 | DEBUG | template_generator:17 =>
[ [***] | Logger INITIALIZED | [***] ]

2023-04-20 15:52:36,231 | DEBUG | template_generator:17 =>
[ [***] | Logger INITIALIZED | [***] ]

2023-04-20 15:54:09,456 | DEBUG | template_generator:17 =>
[ [***] | Logger INITIALIZED | [***] ]

2023-04-20 15:54:29,461 | DEBUG | template_generator:17 =>
[ [***] | Logger INITIALIZED | [***] ]

2023-04-20 15:54:43,991 | DEBUG | template_generator:17 =>
[ [***] | Logger INITIALIZED | [***] ]

2023-04-20 15:55:11,175 | DEBUG | template_generator:17 =>
[ [***] | Logger INITIALIZED | [***] ]

2023-04-20 15:56:37,030 | DEBUG | template_generator:17 =>
[ [***] | Logger INITIALIZED | [***] ]

2023-04-20 15:56:48,969 | DEBUG | template_generator:17 =>
[ [***] | Logger INITIALIZED | [***] ]

2023-04-20 15:58:56,169 | DEBUG | template_generator:17 =>
[ [***] | Logger INITIALIZED | [***] ]

2023-04-20 15:59:45,498 | DEBUG | template_generator:17 =>
[ [***] | Logger INITIALIZED | [***] ]

2023-04-20 16:01:03,525 | DEBUG | template_generator:17 =>
[ [***] | Logger INITIALIZED | [***] ]

2023-04-20 16:01:32,119 | DEBUG | template_generator:17 =>
[ [***] | Logger INITIALIZED | [***] ]

2023-04-20 16:02:16,137 | DEBUG | template_generator:17 =>
[ [***] | Logger INITIALIZED | [***] ]

2023-04-20 16:02:31,905 | DEBUG | template_generator:17 =>
[ [***] | Logger INITIALIZED | [***] ]

2023-04-20 16:03:21,000 | DEBUG | template_generator:17 =>
[ [***] | Logger INITIALIZED | [***] ]

2023-04-20 16:04:03,092 | DEBUG | template_generator:17 =>
[ [***] | Logger INITIALIZED | [***] ]

2023-04-20 16:04:56,906 | DEBUG | template_generator:17 =>
[ [***] | Logger INITIALIZED | [***] ]

2023-04-20 16:07:54,813 | DEBUG | template_generator:17 =>
[ [***] | Logger INITIALIZED | [***] ]

2023-04-20 16:08:42,616 | DEBUG | template_generator:17 =>
[ [***] | Logger INITIALIZED | [***] ]

2023-04-25 15:34:40,516 | DEBUG | template_generator:17 =>
[ [***] | Logger INITIALIZED | [***] ]

2023-04-25 15:35:36,174 | DEBUG | template_generator:17 =>
[ [***] | Logger INITIALIZED | [***] ]

2023-04-25 15:50:48,736 | DEBUG | template_generator:17 =>
[ [***] | Logger INITIALIZED | [***] ]

2023-04-25 16:02:52,064 | DEBUG | template_generator:17 =>
[ [***] | Logger INITIALIZED | [***] ]

2023-04-26 17:52:40,985 | DEBUG | template_generator:17 =>
[ [***] | Logger INITIALIZED | [***] ]

2023-04-26 17:53:21,758 | DEBUG | template_generator:17 =>
[ [***] | Logger INITIALIZED | [***] ]

2023-04-26 18:18:44,364 | DEBUG | template_generator:17 =>
[ [***] | Logger INITIALIZED | [***] ]

2023-04-26 18:25:40,244 | DEBUG | template_generator:17 =>
[ [***] | Logger INITIALIZED | [***] ]

2023-04-26 18:26:23,327 | DEBUG | template_generator:17 =>
[ [***] | Logger INITIALIZED | [***] ]

2023-04-26 18:27:45,475 | DEBUG | template_generator:17 =>
[ [***] | Logger INITIALIZED | [***] ]

2023-04-27 09:14:29,475 | DEBUG | template_generator:17 =>
[ [***] | Logger INITIALIZED | [***] ]

2023-04-27 09:17:18,702 | DEBUG | template_generator:17 =>
[ [***] | Logger INITIALIZED | [***] ]

2023-04-27 09:20:48,143 | DEBUG | template_generator:17 =>
[ [***] | Logger INITIALIZED | [***] ]

2023-04-27 09:24:41,254 | DEBUG | template_generator:17 =>
[ [***] | Logger INITIALIZED | [***] ]

2023-04-27 09:25:00,087 | DEBUG | template_generator:17 =>
[ [***] | Logger INITIALIZED | [***] ]

2023-04-27 09:28:55,535 | DEBUG | template_generator:17 =>
[ [***] | Logger INITIALIZED | [***] ]

2023-04-27 09:30:12,721 | DEBUG | template_generator:17 =>
[ [***] | Logger INITIALIZED | [***] ]

2023-04-27 09:33:10,568 | DEBUG | template_generator:17 =>
[ [***] | Logger INITIALIZED | [***] ]

2023-04-27 09:34:38,564 | DEBUG | template_generator:17 =>
[ [***] | Logger INITIALIZED | [***] ]

2023-04-27 09:35:03,685 | DEBUG | template_generator:17 =>
[ [***] | Logger INITIALIZED | [***] ]

2023-04-27 09:36:25,953 | DEBUG | template_generator:17 =>
[ [***] | Logger INITIALIZED | [***] ]

2023-04-27 09:37:50,589 | DEBUG | template_generator:17 =>
[ [***] | Logger INITIALIZED | [***] ]

2023-04-27 09:42:28,280 | DEBUG | template_generator:17 =>
[ [***] | Logger INITIALIZED | [***] ]

2023-04-27 09:42:46,483 | DEBUG | template_generator:17 =>
[ [***] | Logger INITIALIZED | [***] ]

2023-04-27 09:43:38,473 | DEBUG | template_generator:17 =>
[ [***] | Logger INITIALIZED | [***] ]

2023-04-27 09:44:14,667 | DEBUG | template_generator:17 =>
[ [***] | Logger INITIALIZED | [***] ]

2023-04-27 09:44:55,494 | DEBUG | template_generator:17 =>
[ [***] | Logger INITIALIZED | [***] ]

2023-04-27 09:52:51,604 | DEBUG | template_generator:17 =>
[ [***] | Logger INITIALIZED | [***] ]

2023-04-27 09:54:44,832 | DEBUG | template_generator:17 =>
[ [***] | Logger INITIALIZED | [***] ]

2023-04-27 10:00:25,105 | DEBUG | template_generator:17 =>
[ [***] | Logger INITIALIZED | [***] ]

2023-04-27 10:00:42,889 | DEBUG | template_generator:17 =>
[ [***] | Logger INITIALIZED | [***] ]

2023-04-27 10:00:50,264 | DEBUG | template_generator:17 =>
[ [***] | Logger INITIALIZED | [***] ]

2023-04-27 10:02:29,932 | DEBUG | template_generator:17 =>
[ [***] | Logger INITIALIZED | [***] ]

2023-04-27 10:04:03,216 | DEBUG | template_generator:17 =>
[ [***] | Logger INITIALIZED | [***] ]

2023-04-27 10:05:05,148 | DEBUG | template_generator:17 =>
[ [***] | Logger INITIALIZED | [***] ]

2023-04-27 10:05:58,631 | DEBUG | template_generator:17 =>
[ [***] | Logger INITIALIZED | [***] ]

2023-04-27 10:30:05,340 | DEBUG | template_generator:17 =>
[ [***] | Logger INITIALIZED | [***] ]

2023-04-27 11:18:00,861 | DEBUG | template_generator:17 =>
[ [***] | Logger INITIALIZED | [***] ]

2023-04-27 13:24:32,081 | DEBUG | template_generator:17 =>
[ [***] | Logger INITIALIZED | [***] ]

2023-04-27 13:35:25,115 | DEBUG | template_generator:17 =>
[ [***] | Logger INITIALIZED | [***] ]

2023-04-27 13:36:03,181 | DEBUG | template_generator:17 =>
[ [***] | Logger INITIALIZED | [***] ]

2023-04-27 13:36:32,692 | DEBUG | template_generator:17 =>
[ [***] | Logger INITIALIZED | [***] ]

2023-04-27 13:36:59,763 | DEBUG | template_generator:17 =>
[ [***] | Logger INITIALIZED | [***] ]

2023-04-27 13:37:58,756 | DEBUG | template_generator:17 =>
[ [***] | Logger INITIALIZED | [***] ]

2023-04-27 13:39:58,528 | DEBUG | template_generator:17 =>
[ [***] | Logger INITIALIZED | [***] ]

2023-04-27 13:41:22,107 | DEBUG | template_generator:17 =>
[ [***] | Logger INITIALIZED | [***] ]

2023-04-27 13:42:50,753 | DEBUG | template_generator:17 =>
[ [***] | Logger INITIALIZED | [***] ]

2023-04-27 13:48:19,238 | DEBUG | template_generator:17 =>
[ [***] | Logger INITIALIZED | [***] ]

2023-04-27 13:52:18,646 | DEBUG | template_generator:17 =>
[ [***] | Logger INITIALIZED | [***] ]

2023-04-27 14:25:23,349 | DEBUG | template_generator:17 =>
[ [***] | Logger INITIALIZED | [***] ]

2023-04-27 14:33:13,380 | DEBUG | template_generator:17 =>
[ [***] | Logger INITIALIZED | [***] ]

2023-04-27 14:35:26,927 | DEBUG | template_generator:17 =>
[ [***] | Logger INITIALIZED | [***] ]

2023-04-27 14:39:29,812 | DEBUG | template_generator:17 =>
[ [***] | Logger INITIALIZED | [***] ]

2023-04-27 14:39:42,524 | DEBUG | template_generator:17 =>
[ [***] | Logger INITIALIZED | [***] ]

2023-04-27 14:40:03,617 | DEBUG | template_generator:17 =>
[ [***] | Logger INITIALIZED | [***] ]

2023-04-27 14:40:23,274 | DEBUG | template_generator:17 =>
[ [***] | Logger INITIALIZED | [***] ]

2023-04-27 14:40:50,156 | DEBUG | template_generator:17 =>
[ [***] | Logger INITIALIZED | [***] ]

2023-04-27 14:41:17,835 | DEBUG | template_generator:17 =>
[ [***] | Logger INITIALIZED | [***] ]

2023-04-27 14:41:45,520 | DEBUG | template_generator:17 =>
[ [***] | Logger INITIALIZED | [***] ]

2023-04-27 14:41:56,069 | DEBUG | template_generator:17 =>
[ [***] | Logger INITIALIZED | [***] ]

2023-04-27 14:42:27,060 | DEBUG | template_generator:17 =>
[ [***] | Logger INITIALIZED | [***] ]

2023-04-27 14:43:00,634 | DEBUG | template_generator:17 =>
[ [***] | Logger INITIALIZED | [***] ]

2023-04-27 14:44:53,277 | DEBUG | template_generator:17 =>
[ [***] | Logger INITIALIZED | [***] ]

2023-04-27 14:47:06,726 | DEBUG | template_generator:17 =>
[ [***] | Logger INITIALIZED | [***] ]

2023-04-27 14:49:12,164 | DEBUG | template_generator:17 =>
[ [***] | Logger INITIALIZED | [***] ]

2023-04-27 14:49:39,969 | DEBUG | template_generator:17 =>
[ [***] | Logger INITIALIZED | [***] ]

2023-04-27 14:50:57,643 | DEBUG | template_generator:17 =>
[ [***] | Logger INITIALIZED | [***] ]

2023-04-27 14:54:03,383 | DEBUG | template_generator:17 =>
[ [***] | Logger INITIALIZED | [***] ]

2023-04-27 14:54:24,344 | DEBUG | template_generator:17 =>
[ [***] | Logger INITIALIZED | [***] ]

2023-04-27 14:55:55,402 | DEBUG | template_generator:17 =>
[ [***] | Logger INITIALIZED | [***] ]

2023-04-27 14:57:02,357 | DEBUG | template_generator:17 =>
[ [***] | Logger INITIALIZED | [***] ]

2023-04-27 14:58:28,614 | DEBUG | template_generator:17 =>
[ [***] | Logger INITIALIZED | [***] ]

2023-04-27 14:59:25,293 | DEBUG | template_generator:17 =>
[ [***] | Logger INITIALIZED | [***] ]

2023-04-27 15:00:27,754 | DEBUG | template_generator:17 =>
[ [***] | Logger INITIALIZED | [***] ]

2023-04-27 15:01:24,380 | DEBUG | template_generator:17 =>
[ [***] | Logger INITIALIZED | [***] ]

2023-04-27 15:01:53,404 | DEBUG | template_generator:17 =>
[ [***] | Logger INITIALIZED | [***] ]

2023-04-27 15:02:37,110 | DEBUG | template_generator:17 =>
[ [***] | Logger INITIALIZED | [***] ]

2023-04-27 15:03:48,730 | DEBUG | template_generator:17 =>
[ [***] | Logger INITIALIZED | [***] ]

2023-04-27 15:03:59,288 | DEBUG | template_generator:17 =>
[ [***] | Logger INITIALIZED | [***] ]

2023-04-27 15:05:31,475 | DEBUG | template_generator:17 =>
[ [***] | Logger INITIALIZED | [***] ]

2023-04-27 15:05:37,202 | DEBUG | template_generator:17 =>
[ [***] | Logger INITIALIZED | [***] ]

2023-04-27 15:06:18,553 | DEBUG | template_generator:17 =>
[ [***] | Logger INITIALIZED | [***] ]

2023-04-27 15:06:28,356 | DEBUG | template_generator:17 =>
[ [***] | Logger INITIALIZED | [***] ]

2023-04-27 15:06:50,020 | DEBUG | template_generator:17 =>
[ [***] | Logger INITIALIZED | [***] ]

2023-04-27 15:07:17,156 | DEBUG | template_generator:17 =>
[ [***] | Logger INITIALIZED | [***] ]

2023-04-27 15:07:30,825 | DEBUG | template_generator:17 =>
[ [***] | Logger INITIALIZED | [***] ]

2023-04-27 15:14:22,009 | DEBUG | template_generator:17 =>
[ [***] | Logger INITIALIZED | [***] ]

2023-04-27 15:16:20,211 | DEBUG | template_generator:17 =>
[ [***] | Logger INITIALIZED | [***] ]

2023-04-27 15:16:36,669 | DEBUG | template_generator:17 =>
[ [***] | Logger INITIALIZED | [***] ]

2023-04-27 15:16:55,276 | DEBUG | template_generator:17 =>
[ [***] | Logger INITIALIZED | [***] ]

2023-04-27 15:17:21,540 | DEBUG | template_generator:17 =>
[ [***] | Logger INITIALIZED | [***] ]

2023-04-27 15:17:58,675 | DEBUG | template_generator:17 =>
[ [***] | Logger INITIALIZED | [***] ]

2023-04-27 15:18:22,780 | DEBUG | template_generator:17 =>
[ [***] | Logger INITIALIZED | [***] ]

2023-04-27 15:18:46,775 | DEBUG | template_generator:17 =>
[ [***] | Logger INITIALIZED | [***] ]

2023-04-27 15:18:59,569 | DEBUG | template_generator:17 =>
[ [***] | Logger INITIALIZED | [***] ]

2023-04-27 15:19:23,106 | DEBUG | template_generator:17 =>
[ [***] | Logger INITIALIZED | [***] ]

2023-04-27 15:20:55,892 | DEBUG | template_generator:17 =>
[ [***] | Logger INITIALIZED | [***] ]

2023-04-27 15:21:24,251 | DEBUG | template_generator:17 =>
[ [***] | Logger INITIALIZED | [***] ]

2023-04-27 15:22:19,054 | DEBUG | template_generator:17 =>
[ [***] | Logger INITIALIZED | [***] ]

2023-04-27 15:23:32,059 | DEBUG | template_generator:17 =>
[ [***] | Logger INITIALIZED | [***] ]

2023-04-27 15:23:44,328 | DEBUG | template_generator:17 =>
[ [***] | Logger INITIALIZED | [***] ]

2023-04-27 15:28:08,155 | DEBUG | template_generator:17 =>
[ [***] | Logger INITIALIZED | [***] ]

2023-04-27 15:29:54,693 | DEBUG | template_generator:17 =>
[ [***] | Logger INITIALIZED | [***] ]

2023-04-27 15:31:42,172 | DEBUG | template_generator:17 =>
[ [***] | Logger INITIALIZED | [***] ]

2023-04-27 15:32:37,994 | DEBUG | template_generator:17 =>
[ [***] | Logger INITIALIZED | [***] ]

2023-05-03 17:35:12,755 | DEBUG | template_generator:17 =>
[ [***] | Logger INITIALIZED | [***] ]

2023-05-03 17:36:34,072 | DEBUG | template_generator:17 =>
[ [***] | Logger INITIALIZED | [***] ]

2023-05-03 17:37:47,410 | DEBUG | template_generator:17 =>
[ [***] | Logger INITIALIZED | [***] ]

2023-05-03 17:39:08,854 | DEBUG | template_generator:17 =>
[ [***] | Logger INITIALIZED | [***] ]

2023-05-03 17:40:42,729 | DEBUG | template_generator:17 =>
[ [***] | Logger INITIALIZED | [***] ]

2023-05-03 17:41:54,911 | DEBUG | template_generator:17 =>
[ [***] | Logger INITIALIZED | [***] ]

2023-05-03 17:53:43,617 | DEBUG | template_generator:17 =>
[ [***] | Logger INITIALIZED | [***] ]

2023-05-03 17:55:10,459 | DEBUG | template_generator:17 =>
[ [***] | Logger INITIALIZED | [***] ]

2023-05-03 17:59:03,701 | DEBUG | template_generator:17 =>
[ [***] | Logger INITIALIZED | [***] ]

2023-05-03 18:00:10,413 | DEBUG | template_generator:17 =>
[ [***] | Logger INITIALIZED | [***] ]

2023-05-03 18:00:32,860 | DEBUG | template_generator:17 =>
[ [***] | Logger INITIALIZED | [***] ]

2023-05-04 09:54:20,220 | DEBUG | template_generator:17 =>
[ [***] | Logger INITIALIZED | [***] ]

2023-05-04 09:57:48,958 | DEBUG | template_generator:17 =>
[ [***] | Logger INITIALIZED | [***] ]

2023-05-04 10:11:41,758 | DEBUG | template_generator:17 =>
[ [***] | Logger INITIALIZED | [***] ]

2023-05-04 10:14:31,111 | DEBUG | template_generator:17 =>
[ [***] | Logger INITIALIZED | [***] ]

2023-05-04 10:15:21,644 | DEBUG | template_generator:17 =>
[ [***] | Logger INITIALIZED | [***] ]

2023-05-04 10:15:56,839 | DEBUG | template_generator:17 =>
[ [***] | Logger INITIALIZED | [***] ]

2023-05-04 10:16:38,811 | DEBUG | template_generator:17 =>
[ [***] | Logger INITIALIZED | [***] ]

2023-05-04 10:48:21,847 | DEBUG | template_generator:17 =>
[ [***] | Logger INITIALIZED | [***] ]

2023-05-04 10:50:27,026 | DEBUG | template_generator:17 =>
[ [***] | Logger INITIALIZED | [***] ]

2023-05-04 11:46:20,696 | DEBUG | template_generator:17 =>
[ [***] | Logger INITIALIZED | [***] ]

2023-05-04 11:47:44,163 | DEBUG | template_generator:17 =>
[ [***] | Logger INITIALIZED | [***] ]

2023-05-04 11:48:55,212 | DEBUG | template_generator:17 =>
[ [***] | Logger INITIALIZED | [***] ]

2023-05-04 11:50:19,110 | DEBUG | template_generator:17 =>
[ [***] | Logger INITIALIZED | [***] ]

2023-05-05 14:54:27,771 | DEBUG | template_generator:17 =>
[ [***] | Logger INITIALIZED | [***] ]

2023-05-05 14:58:37,689 | DEBUG | template_generator:17 =>
[ [***] | Logger INITIALIZED | [***] ]

2023-05-05 14:59:16,186 | DEBUG | template_generator:17 =>
[ [***] | Logger INITIALIZED | [***] ]

2023-05-05 15:00:16,318 | DEBUG | template_generator:17 =>
[ [***] | Logger INITIALIZED | [***] ]

2023-05-05 15:07:23,987 | DEBUG | template_generator:17 =>
[ [***] | Logger INITIALIZED | [***] ]

2023-05-05 15:21:31,568 | DEBUG | template_generator:17 =>
[ [***] | Logger INITIALIZED | [***] ]

2023-05-05 15:24:21,667 | DEBUG | template_generator:17 =>
[ [***] | Logger INITIALIZED | [***] ]

2023-05-05 17:47:19,545 | DEBUG | template_generator:17 =>
[ [***] | Logger INITIALIZED | [***] ]

2023-06-22 22:55:34,287 | DEBUG | template_generator:17 =>
[ [***] | Logger INITIALIZED | [***] ]

2023-06-22 22:55:55,680 | DEBUG | template_generator:17 =>
[ [***] | Logger INITIALIZED | [***] ]

2023-06-22 22:56:39,653 | DEBUG | template_generator:17 =>
[ [***] | Logger INITIALIZED | [***] ]

2023-06-22 22:57:29,696 | DEBUG | template_generator:17 =>
[ [***] | Logger INITIALIZED | [***] ]

2023-06-22 23:01:34,363 | DEBUG | template_generator:17 =>
[ [***] | Logger INITIALIZED | [***] ]

2023-06-22 23:03:35,890 | DEBUG | template_generator:17 =>
[ [***] | Logger INITIALIZED | [***] ]

2023-06-22 23:04:49,401 | DEBUG | template_generator:17 =>
[ [***] | Logger INITIALIZED | [***] ]

2023-06-22 23:05:58,186 | DEBUG | template_generator:17 =>
[ [***] | Logger INITIALIZED | [***] ]

2023-06-22 23:06:52,289 | DEBUG | template_generator:17 =>
[ [***] | Logger INITIALIZED | [***] ]

2023-06-22 23:08:52,586 | DEBUG | template_generator:17 =>
[ [***] | Logger INITIALIZED | [***] ]

2023-06-22 23:09:00,368 | DEBUG | template_generator:17 =>
[ [***] | Logger INITIALIZED | [***] ]

2023-06-22 23:09:29,871 | DEBUG | template_generator:17 =>
[ [***] | Logger INITIALIZED | [***] ]

2023-06-22 23:09:38,125 | DEBUG | template_generator:17 =>
[ [***] | Logger INITIALIZED | [***] ]

2023-06-22 23:22:38,509 | DEBUG | template_generator:17 =>
[ [***] | Logger INITIALIZED | [***] ]

2023-06-22 23:23:15,997 | DEBUG | template_generator:17 =>
[ [***] | Logger INITIALIZED | [***] ]

2023-06-22 23:23:52,441 | DEBUG | template_generator:17 =>
[ [***] | Logger INITIALIZED | [***] ]

2023-06-22 23:24:19,536 | DEBUG | template_generator:17 =>
[ [***] | Logger INITIALIZED | [***] ]

2023-06-22 23:24:55,816 | DEBUG | template_generator:17 =>
[ [***] | Logger INITIALIZED | [***] ]

2023-06-22 23:25:19,088 | DEBUG | template_generator:17 =>
[ [***] | Logger INITIALIZED | [***] ]

2023-06-22 23:28:29,505 | DEBUG | template_generator:17 =>
[ [***] | Logger INITIALIZED | [***] ]

2023-06-22 23:28:36,671 | DEBUG | template_generator:17 =>
[ [***] | Logger INITIALIZED | [***] ]

2023-06-23 00:30:03,379 | DEBUG | template_generator:17 =>
[ [***] | Logger INITIALIZED | [***] ]

2023-06-23 00:31:19,982 | DEBUG | template_generator:17 =>
[ [***] | Logger INITIALIZED | [***] ]

2023-06-23 00:31:26,691 | DEBUG | template_generator:17 =>
[ [***] | Logger INITIALIZED | [***] ]

2023-06-23 00:32:54,376 | DEBUG | template_generator:17 =>
[ [***] | Logger INITIALIZED | [***] ]

2023-06-23 00:33:27,344 | DEBUG | template_generator:17 =>
[ [***] | Logger INITIALIZED | [***] ]

2023-06-23 00:38:13,171 | DEBUG | template_generator:17 =>
[ [***] | Logger INITIALIZED | [***] ]

2023-06-23 00:41:21,454 | DEBUG | template_generator:17 =>
[ [***] | Logger INITIALIZED | [***] ]

2023-06-23 00:43:11,906 | DEBUG | template_generator:17 =>
[ [***] | Logger INITIALIZED | [***] ]

2023-06-23 00:45:41,885 | DEBUG | template_generator:17 =>
[ [***] | Logger INITIALIZED | [***] ]

2023-06-23 00:47:05,380 | DEBUG | template_generator:17 =>
[ [***] | Logger INITIALIZED | [***] ]

2023-06-23 00:50:53,478 | DEBUG | template_generator:17 =>
[ [***] | Logger INITIALIZED | [***] ]

2023-06-23 00:51:50,097 | DEBUG | template_generator:17 =>
[ [***] | Logger INITIALIZED | [***] ]

2023-06-23 00:54:38,644 | DEBUG | template_generator:17 =>
[ [***] | Logger INITIALIZED | [***] ]

2023-06-23 00:55:08,359 | DEBUG | template_generator:17 =>
[ [***] | Logger INITIALIZED | [***] ]

2023-06-23 01:01:34,272 | DEBUG | template_generator:17 =>
[ [***] | Logger INITIALIZED | [***] ]

2023-06-23 01:02:20,653 | DEBUG | template_generator:17 =>
[ [***] | Logger INITIALIZED | [***] ]

2023-06-23 01:04:41,502 | DEBUG | template_generator:17 =>
[ [***] | Logger INITIALIZED | [***] ]

2023-06-23 01:05:18,386 | DEBUG | template_generator:17 =>
[ [***] | Logger INITIALIZED | [***] ]

2023-06-23 01:06:35,442 | DEBUG | template_generator:17 =>
[ [***] | Logger INITIALIZED | [***] ]

2023-06-23 01:06:58,697 | DEBUG | template_generator:17 =>
[ [***] | Logger INITIALIZED | [***] ]

2023-06-23 01:10:39,348 | DEBUG | template_generator:17 =>
[ [***] | Logger INITIALIZED | [***] ]

2023-06-23 01:12:48,099 | DEBUG | template_generator:17 =>
[ [***] | Logger INITIALIZED | [***] ]

2023-06-23 01:14:11,229 | DEBUG | template_generator:17 =>
[ [***] | Logger INITIALIZED | [***] ]

2023-06-23 01:17:23,367 | DEBUG | template_generator:17 =>
[ [***] | Logger INITIALIZED | [***] ]

2023-06-23 01:21:36,935 | DEBUG | template_generator:17 =>
[ [***] | Logger INITIALIZED | [***] ]

2023-06-23 01:23:01,362 | DEBUG | template_generator:17 =>
[ [***] | Logger INITIALIZED | [***] ]

2023-06-23 01:24:21,029 | DEBUG | template_generator:17 =>
[ [***] | Logger INITIALIZED | [***] ]

2023-06-23 01:27:02,098 | DEBUG | template_generator:17 =>
[ [***] | Logger INITIALIZED | [***] ]

2023-06-23 01:27:28,662 | DEBUG | template_generator:17 =>
[ [***] | Logger INITIALIZED | [***] ]

2023-06-23 01:27:57,247 | DEBUG | template_generator:17 =>
[ [***] | Logger INITIALIZED | [***] ]

2023-06-23 01:33:26,801 | DEBUG | template_generator:17 =>
[ [***] | Logger INITIALIZED | [***] ]

2023-06-23 01:33:27,800 | DEBUG | template_generator:17 =>
[ [***] | Logger INITIALIZED | [***] ]

2023-06-23 01:33:28,614 | DEBUG | template_generator:17 =>
[ [***] | Logger INITIALIZED | [***] ]

2023-06-23 01:35:11,019 | DEBUG | template_generator:17 =>
[ [***] | Logger INITIALIZED | [***] ]

2023-06-23 01:36:20,648 | DEBUG | template_generator:17 =>
[ [***] | Logger INITIALIZED | [***] ]

2023-06-23 01:37:49,938 | DEBUG | template_generator:17 =>
[ [***] | Logger INITIALIZED | [***] ]

2023-06-23 01:38:29,213 | DEBUG | template_generator:17 =>
[ [***] | Logger INITIALIZED | [***] ]

2023-06-23 01:41:04,231 | DEBUG | template_generator:17 =>
[ [***] | Logger INITIALIZED | [***] ]

2023-06-23 01:41:32,133 | DEBUG | template_generator:17 =>
[ [***] | Logger INITIALIZED | [***] ]

2023-06-23 01:41:47,702 | DEBUG | template_generator:17 =>
[ [***] | Logger INITIALIZED | [***] ]

2023-06-23 01:43:28,474 | DEBUG | template_generator:17 =>
[ [***] | Logger INITIALIZED | [***] ]

2023-06-23 01:44:38,958 | DEBUG | template_generator:17 =>
[ [***] | Logger INITIALIZED | [***] ]

2023-06-23 01:49:11,312 | DEBUG | template_generator:17 =>
[ [***] | Logger INITIALIZED | [***] ]

2023-06-23 01:52:32,671 | DEBUG | template_generator:17 =>
[ [***] | Logger INITIALIZED | [***] ]

2023-06-23 01:55:35,210 | DEBUG | template_generator:17 =>
[ [***] | Logger INITIALIZED | [***] ]

2023-06-23 01:56:11,726 | DEBUG | template_generator:17 =>
[ [***] | Logger INITIALIZED | [***] ]

2023-06-23 01:56:38,256 | DEBUG | template_generator:17 =>
[ [***] | Logger INITIALIZED | [***] ]

2023-06-23 01:57:50,005 | DEBUG | template_generator:17 =>
[ [***] | Logger INITIALIZED | [***] ]

2023-06-23 02:00:24,255 | DEBUG | template_generator:17 =>
[ [***] | Logger INITIALIZED | [***] ]

2023-06-23 02:02:20,149 | DEBUG | template_generator:17 =>
[ [***] | Logger INITIALIZED | [***] ]

2023-06-23 02:03:07,954 | DEBUG | template_generator:17 =>
[ [***] | Logger INITIALIZED | [***] ]

2023-06-23 02:03:29,353 | DEBUG | template_generator:17 =>
[ [***] | Logger INITIALIZED | [***] ]

2023-06-23 02:04:15,849 | DEBUG | template_generator:17 =>
[ [***] | Logger INITIALIZED | [***] ]

2023-06-23 02:04:43,350 | DEBUG | template_generator:17 =>
[ [***] | Logger INITIALIZED | [***] ]

2023-06-23 02:04:58,090 | DEBUG | template_generator:17 =>
[ [***] | Logger INITIALIZED | [***] ]

2023-06-23 02:05:11,557 | DEBUG | template_generator:17 =>
[ [***] | Logger INITIALIZED | [***] ]

2023-06-23 02:07:58,890 | DEBUG | template_generator:17 =>
[ [***] | Logger INITIALIZED | [***] ]

2023-06-23 02:08:18,426 | DEBUG | template_generator:17 =>
[ [***] | Logger INITIALIZED | [***] ]

2023-06-23 02:08:25,942 | DEBUG | template_generator:17 =>
[ [***] | Logger INITIALIZED | [***] ]

2023-06-23 02:09:37,773 | DEBUG | template_generator:17 =>
[ [***] | Logger INITIALIZED | [***] ]

2023-06-23 02:12:23,118 | DEBUG | template_generator:17 =>
[ [***] | Logger INITIALIZED | [***] ]

2023-06-23 02:12:59,549 | DEBUG | template_generator:17 =>
[ [***] | Logger INITIALIZED | [***] ]

2023-06-23 02:14:46,753 | DEBUG | template_generator:17 =>
[ [***] | Logger INITIALIZED | [***] ]

2023-06-23 02:15:26,561 | DEBUG | template_generator:17 =>
[ [***] | Logger INITIALIZED | [***] ]

2023-06-23 02:16:15,878 | DEBUG | template_generator:17 =>
[ [***] | Logger INITIALIZED | [***] ]

2023-06-23 02:17:49,817 | DEBUG | template_generator:17 =>
[ [***] | Logger INITIALIZED | [***] ]

2023-06-23 02:18:26,553 | DEBUG | template_generator:17 =>
[ [***] | Logger INITIALIZED | [***] ]

2023-06-23 02:20:06,762 | DEBUG | template_generator:17 =>
[ [***] | Logger INITIALIZED | [***] ]

2023-06-23 02:58:34,235 | DEBUG | template_generator:17 =>
[ [***] | Logger INITIALIZED | [***] ]

2023-06-23 03:01:28,999 | DEBUG | template_generator:17 =>
[ [***] | Logger INITIALIZED | [***] ]

2023-06-23 03:01:51,765 | DEBUG | template_generator:17 =>
[ [***] | Logger INITIALIZED | [***] ]

2023-06-23 03:03:00,023 | DEBUG | template_generator:17 =>
[ [***] | Logger INITIALIZED | [***] ]

2023-06-23 04:27:14,119 | DEBUG | template_generator:17 =>
[ [***] | Logger INITIALIZED | [***] ]

2023-06-23 04:28:42,301 | DEBUG | template_generator:17 =>
[ [***] | Logger INITIALIZED | [***] ]

2023-06-23 04:30:33,930 | DEBUG | template_generator:17 =>
[ [***] | Logger INITIALIZED | [***] ]

2023-06-23 04:50:37,886 | DEBUG | template_generator:17 =>
[ [***] | Logger INITIALIZED | [***] ]

2023-06-23 04:51:00,514 | DEBUG | template_generator:17 =>
[ [***] | Logger INITIALIZED | [***] ]

2023-06-23 04:51:38,515 | DEBUG | template_generator:17 =>
[ [***] | Logger INITIALIZED | [***] ]

2023-06-23 04:51:53,706 | DEBUG | template_generator:17 =>
[ [***] | Logger INITIALIZED | [***] ]

2023-06-23 04:54:12,111 | DEBUG | template_generator:17 =>
[ [***] | Logger INITIALIZED | [***] ]

2023-06-23 04:57:19,359 | DEBUG | template_generator:17 =>
[ [***] | Logger INITIALIZED | [***] ]

2023-06-23 05:02:48,317 | DEBUG | template_generator:17 =>
[ [***] | Logger INITIALIZED | [***] ]

2023-06-23 05:05:47,113 | DEBUG | template_generator:17 =>
[ [***] | Logger INITIALIZED | [***] ]

2023-06-23 05:06:48,842 | DEBUG | template_generator:17 =>
[ [***] | Logger INITIALIZED | [***] ]

2023-06-23 05:09:07,560 | DEBUG | template_generator:17 =>
[ [***] | Logger INITIALIZED | [***] ]

2023-06-23 05:09:38,844 | DEBUG | template_generator:17 =>
[ [***] | Logger INITIALIZED | [***] ]

2023-06-23 05:10:43,954 | DEBUG | template_generator:17 =>
[ [***] | Logger INITIALIZED | [***] ]

2023-06-23 05:13:41,400 | DEBUG | template_generator:17 =>
[ [***] | Logger INITIALIZED | [***] ]

2023-06-23 05:18:19,057 | DEBUG | template_generator:17 =>
[ [***] | Logger INITIALIZED | [***] ]

2023-06-23 10:03:04,402 | DEBUG | template_generator:17 =>
[ [***] | Logger INITIALIZED | [***] ]

2023-06-23 11:05:05,029 | DEBUG | template_generator:17 =>
[ [***] | Logger INITIALIZED | [***] ]

2023-06-23 11:08:03,013 | DEBUG | template_generator:17 =>
[ [***] | Logger INITIALIZED | [***] ]

2023-06-23 11:08:20,084 | DEBUG | template_generator:17 =>
[ [***] | Logger INITIALIZED | [***] ]

2023-06-23 11:09:05,244 | DEBUG | template_generator:17 =>
[ [***] | Logger INITIALIZED | [***] ]

2023-06-23 11:12:13,913 | DEBUG | template_generator:17 =>
[ [***] | Logger INITIALIZED | [***] ]

2023-06-23 11:14:02,758 | DEBUG | template_generator:17 =>
[ [***] | Logger INITIALIZED | [***] ]

2023-06-23 11:14:13,024 | DEBUG | template_generator:17 =>
[ [***] | Logger INITIALIZED | [***] ]

2023-06-23 11:16:15,892 | DEBUG | template_generator:17 =>
[ [***] | Logger INITIALIZED | [***] ]

2023-06-23 11:50:00,692 | DEBUG | template_generator:17 =>
[ [***] | Logger INITIALIZED | [***] ]

2023-06-23 12:02:01,123 | DEBUG | template_generator:17 =>
[ [***] | Logger INITIALIZED | [***] ]

2023-09-11 17:28:07,101 | DEBUG | template_generator:17 =>
[ [***] | Logger INITIALIZED | [***] ]

2023-09-12 10:13:15,683 | DEBUG | template_generator:17 =>
[ [***] | Logger INITIALIZED | [***] ]

2023-09-12 10:18:05,468 | DEBUG | template_generator:17 =>
[ [***] | Logger INITIALIZED | [***] ]

2023-09-12 10:19:00,949 | DEBUG | template_generator:17 =>
[ [***] | Logger INITIALIZED | [***] ]

2023-09-12 10:19:12,352 | DEBUG | template_generator:17 =>
[ [***] | Logger INITIALIZED | [***] ]

2023-09-12 10:19:25,577 | DEBUG | template_generator:17 =>
[ [***] | Logger INITIALIZED | [***] ]

2023-09-12 10:19:47,922 | DEBUG | template_generator:17 =>
[ [***] | Logger INITIALIZED | [***] ]

2023-09-12 10:20:09,897 | DEBUG | template_generator:17 =>
[ [***] | Logger INITIALIZED | [***] ]

2023-09-12 10:20:18,688 | DEBUG | template_generator:17 =>
[ [***] | Logger INITIALIZED | [***] ]

2023-09-12 10:21:08,648 | DEBUG | template_generator:17 =>
[ [***] | Logger INITIALIZED | [***] ]

2023-09-12 10:29:38,019 | DEBUG | template_generator:17 =>
[ [***] | Logger INITIALIZED | [***] ]

2023-09-12 10:30:40,427 | DEBUG | template_generator:17 =>
[ [***] | Logger INITIALIZED | [***] ]

2023-09-12 10:38:48,730 | DEBUG | template_generator:17 =>
[ [***] | Logger INITIALIZED | [***] ]

2023-09-12 10:39:22,620 | DEBUG | template_generator:17 =>
[ [***] | Logger INITIALIZED | [***] ]

2023-09-12 10:40:37,364 | DEBUG | template_generator:17 =>
[ [***] | Logger INITIALIZED | [***] ]

2023-09-12 10:41:12,542 | DEBUG | template_generator:17 =>
[ [***] | Logger INITIALIZED | [***] ]

2023-09-12 10:41:42,966 | DEBUG | template_generator:17 =>
[ [***] | Logger INITIALIZED | [***] ]

2023-09-12 10:41:56,314 | DEBUG | template_generator:17 =>
[ [***] | Logger INITIALIZED | [***] ]

2023-09-12 10:42:58,708 | DEBUG | template_generator:17 =>
[ [***] | Logger INITIALIZED | [***] ]

2023-09-12 11:32:19,117 | DEBUG | template_generator:17 =>
[ [***] | Logger INITIALIZED | [***] ]

2023-09-12 11:33:24,206 | DEBUG | template_generator:17 =>
[ [***] | Logger INITIALIZED | [***] ]

2023-09-12 11:43:47,586 | DEBUG | template_generator:17 =>
[ [***] | Logger INITIALIZED | [***] ]

2023-09-12 12:03:17,555 | DEBUG | template_generator:17 =>
[ [***] | Logger INITIALIZED | [***] ]

2023-09-12 12:20:04,929 | DEBUG | template_generator:17 =>
[ [***] | Logger INITIALIZED | [***] ]

2023-09-12 12:21:10,840 | DEBUG | template_generator:17 =>
[ [***] | Logger INITIALIZED | [***] ]

2023-09-12 15:14:53,963 | DEBUG | template_generator:17 =>
[ [***] | Logger INITIALIZED | [***] ]

2023-09-12 15:15:17,645 | DEBUG | template_generator:17 =>
[ [***] | Logger INITIALIZED | [***] ]

2023-09-12 15:15:31,456 | DEBUG | template_generator:17 =>
[ [***] | Logger INITIALIZED | [***] ]

2023-09-12 15:16:24,341 | DEBUG | template_generator:17 =>
[ [***] | Logger INITIALIZED | [***] ]

2023-09-12 15:17:17,623 | DEBUG | template_generator:17 =>
[ [***] | Logger INITIALIZED | [***] ]

2023-09-12 15:32:48,151 | DEBUG | template_generator:17 =>
[ [***] | Logger INITIALIZED | [***] ]

2023-09-12 15:33:13,701 | DEBUG | template_generator:17 =>
[ [***] | Logger INITIALIZED | [***] ]

2023-09-12 15:37:41,867 | DEBUG | template_generator:17 =>
[ [***] | Logger INITIALIZED | [***] ]

2023-09-12 15:37:57,304 | DEBUG | template_generator:17 =>
[ [***] | Logger INITIALIZED | [***] ]

2023-09-12 15:38:12,177 | DEBUG | template_generator:17 =>
[ [***] | Logger INITIALIZED | [***] ]

2023-09-12 15:38:23,760 | DEBUG | template_generator:17 =>
[ [***] | Logger INITIALIZED | [***] ]

2023-09-12 15:38:30,535 | DEBUG | template_generator:17 =>
[ [***] | Logger INITIALIZED | [***] ]

2023-09-12 15:41:19,194 | DEBUG | template_generator:17 =>
[ [***] | Logger INITIALIZED | [***] ]

2023-09-12 15:41:39,013 | DEBUG | template_generator:17 =>
[ [***] | Logger INITIALIZED | [***] ]

2023-09-12 15:42:30,825 | DEBUG | template_generator:17 =>
[ [***] | Logger INITIALIZED | [***] ]

2023-09-12 15:42:40,088 | DEBUG | template_generator:17 =>
[ [***] | Logger INITIALIZED | [***] ]

2023-09-12 15:43:03,501 | DEBUG | template_generator:17 =>
[ [***] | Logger INITIALIZED | [***] ]

2023-09-12 15:43:48,266 | DEBUG | template_generator:17 =>
[ [***] | Logger INITIALIZED | [***] ]

2023-09-12 15:44:04,931 | DEBUG | template_generator:17 =>
[ [***] | Logger INITIALIZED | [***] ]

2023-09-12 15:44:28,948 | DEBUG | template_generator:17 =>
[ [***] | Logger INITIALIZED | [***] ]

2023-09-12 15:44:52,687 | DEBUG | template_generator:17 =>
[ [***] | Logger INITIALIZED | [***] ]

2023-09-12 15:45:01,616 | DEBUG | template_generator:17 =>
[ [***] | Logger INITIALIZED | [***] ]

2023-09-12 15:45:22,100 | DEBUG | template_generator:17 =>
[ [***] | Logger INITIALIZED | [***] ]

2023-09-12 15:46:55,439 | DEBUG | template_generator:17 =>
[ [***] | Logger INITIALIZED | [***] ]

2023-09-12 15:47:14,098 | DEBUG | template_generator:17 =>
[ [***] | Logger INITIALIZED | [***] ]

2023-09-12 15:47:31,781 | DEBUG | template_generator:17 =>
[ [***] | Logger INITIALIZED | [***] ]

2023-09-12 15:47:43,054 | DEBUG | template_generator:17 =>
[ [***] | Logger INITIALIZED | [***] ]

2023-09-12 15:48:02,198 | DEBUG | template_generator:17 =>
[ [***] | Logger INITIALIZED | [***] ]

2023-09-12 15:48:17,064 | DEBUG | template_generator:17 =>
[ [***] | Logger INITIALIZED | [***] ]

2023-09-12 15:49:06,880 | DEBUG | template_generator:17 =>
[ [***] | Logger INITIALIZED | [***] ]

2023-09-12 15:49:56,287 | DEBUG | template_generator:17 =>
[ [***] | Logger INITIALIZED | [***] ]

2023-09-12 15:50:20,546 | DEBUG | template_generator:17 =>
[ [***] | Logger INITIALIZED | [***] ]

2023-09-12 15:50:35,888 | DEBUG | template_generator:17 =>
[ [***] | Logger INITIALIZED | [***] ]

2023-09-12 15:50:57,696 | DEBUG | template_generator:17 =>
[ [***] | Logger INITIALIZED | [***] ]

2023-09-12 15:51:13,211 | DEBUG | template_generator:17 =>
[ [***] | Logger INITIALIZED | [***] ]

2023-09-12 15:51:44,038 | DEBUG | template_generator:17 =>
[ [***] | Logger INITIALIZED | [***] ]

2023-09-12 15:51:47,681 | DEBUG | template_generator:17 =>
[ [***] | Logger INITIALIZED | [***] ]

2023-09-12 15:52:01,596 | DEBUG | template_generator:17 =>
[ [***] | Logger INITIALIZED | [***] ]

2023-09-12 15:53:12,213 | DEBUG | template_generator:17 =>
[ [***] | Logger INITIALIZED | [***] ]

2023-09-12 15:53:29,338 | DEBUG | template_generator:17 =>
[ [***] | Logger INITIALIZED | [***] ]

2023-09-12 15:53:44,997 | DEBUG | template_generator:17 =>
[ [***] | Logger INITIALIZED | [***] ]

2023-09-12 15:53:58,163 | DEBUG | template_generator:17 =>
[ [***] | Logger INITIALIZED | [***] ]

2023-09-12 15:54:30,866 | DEBUG | template_generator:17 =>
[ [***] | Logger INITIALIZED | [***] ]

2023-09-12 15:55:44,194 | DEBUG | template_generator:17 =>
[ [***] | Logger INITIALIZED | [***] ]

2023-09-12 15:55:59,598 | DEBUG | template_generator:17 =>
[ [***] | Logger INITIALIZED | [***] ]

2023-09-12 15:59:19,523 | DEBUG | template_generator:17 =>
[ [***] | Logger INITIALIZED | [***] ]

2023-09-12 15:59:29,709 | DEBUG | template_generator:17 =>
[ [***] | Logger INITIALIZED | [***] ]

2023-09-12 15:59:41,120 | DEBUG | template_generator:17 =>
[ [***] | Logger INITIALIZED | [***] ]

2023-09-12 16:00:03,559 | DEBUG | template_generator:17 =>
[ [***] | Logger INITIALIZED | [***] ]

2023-09-12 16:00:13,489 | DEBUG | template_generator:17 =>
[ [***] | Logger INITIALIZED | [***] ]

2023-09-12 16:00:35,732 | DEBUG | template_generator:17 =>
[ [***] | Logger INITIALIZED | [***] ]

2023-09-12 16:00:41,212 | DEBUG | template_generator:17 =>
[ [***] | Logger INITIALIZED | [***] ]

2023-09-12 16:00:59,868 | DEBUG | template_generator:17 =>
[ [***] | Logger INITIALIZED | [***] ]

2023-09-12 16:01:12,336 | DEBUG | template_generator:17 =>
[ [***] | Logger INITIALIZED | [***] ]

2023-09-12 16:01:46,716 | DEBUG | template_generator:17 =>
[ [***] | Logger INITIALIZED | [***] ]

2023-09-12 16:02:05,657 | DEBUG | template_generator:17 =>
[ [***] | Logger INITIALIZED | [***] ]

2023-09-12 16:02:20,481 | DEBUG | template_generator:17 =>
[ [***] | Logger INITIALIZED | [***] ]

2023-09-12 16:02:37,434 | DEBUG | template_generator:17 =>
[ [***] | Logger INITIALIZED | [***] ]

2023-09-12 16:02:56,545 | DEBUG | template_generator:17 =>
[ [***] | Logger INITIALIZED | [***] ]

2023-09-12 16:03:10,141 | DEBUG | template_generator:17 =>
[ [***] | Logger INITIALIZED | [***] ]

2023-09-12 16:04:34,132 | DEBUG | template_generator:17 =>
[ [***] | Logger INITIALIZED | [***] ]

2023-09-12 16:04:48,753 | DEBUG | template_generator:17 =>
[ [***] | Logger INITIALIZED | [***] ]

2023-09-12 16:05:18,652 | DEBUG | template_generator:17 =>
[ [***] | Logger INITIALIZED | [***] ]

2023-09-12 16:05:26,561 | DEBUG | template_generator:17 =>
[ [***] | Logger INITIALIZED | [***] ]

2023-09-12 16:05:34,431 | DEBUG | template_generator:17 =>
[ [***] | Logger INITIALIZED | [***] ]

2023-09-12 16:05:45,633 | DEBUG | template_generator:17 =>
[ [***] | Logger INITIALIZED | [***] ]

2023-09-12 16:07:01,695 | DEBUG | template_generator:17 =>
[ [***] | Logger INITIALIZED | [***] ]

2023-09-12 16:07:18,720 | DEBUG | template_generator:17 =>
[ [***] | Logger INITIALIZED | [***] ]

2023-09-12 16:07:26,285 | DEBUG | template_generator:17 =>
[ [***] | Logger INITIALIZED | [***] ]

2023-09-12 16:07:39,886 | DEBUG | template_generator:17 =>
[ [***] | Logger INITIALIZED | [***] ]

2023-09-12 16:08:38,471 | DEBUG | template_generator:17 =>
[ [***] | Logger INITIALIZED | [***] ]

2023-09-12 16:10:26,603 | DEBUG | template_generator:17 =>
[ [***] | Logger INITIALIZED | [***] ]

2023-09-12 16:10:46,121 | DEBUG | template_generator:17 =>
[ [***] | Logger INITIALIZED | [***] ]

2023-09-12 16:12:41,216 | DEBUG | template_generator:17 =>
[ [***] | Logger INITIALIZED | [***] ]

2023-09-12 16:13:06,500 | DEBUG | template_generator:17 =>
[ [***] | Logger INITIALIZED | [***] ]

2023-09-12 16:13:30,244 | DEBUG | template_generator:17 =>
[ [***] | Logger INITIALIZED | [***] ]

2023-09-12 16:20:30,872 | DEBUG | template_generator:17 =>
[ [***] | Logger INITIALIZED | [***] ]

2023-09-12 16:20:49,031 | DEBUG | template_generator:17 =>
[ [***] | Logger INITIALIZED | [***] ]

2023-09-12 16:21:12,897 | DEBUG | template_generator:17 =>
[ [***] | Logger INITIALIZED | [***] ]

2023-09-12 16:26:37,029 | DEBUG | template_generator:17 =>
[ [***] | Logger INITIALIZED | [***] ]

2023-09-12 16:27:41,620 | DEBUG | template_generator:17 =>
[ [***] | Logger INITIALIZED | [***] ]

2023-09-12 16:29:40,926 | DEBUG | template_generator:17 =>
[ [***] | Logger INITIALIZED | [***] ]

2023-09-12 16:29:53,440 | DEBUG | template_generator:17 =>
[ [***] | Logger INITIALIZED | [***] ]

2023-09-12 16:29:59,882 | DEBUG | template_generator:17 =>
[ [***] | Logger INITIALIZED | [***] ]

2023-09-12 16:30:08,153 | DEBUG | template_generator:17 =>
[ [***] | Logger INITIALIZED | [***] ]

2023-09-12 16:30:17,900 | DEBUG | template_generator:17 =>
[ [***] | Logger INITIALIZED | [***] ]

2023-09-12 16:37:27,907 | DEBUG | template_generator:17 =>
[ [***] | Logger INITIALIZED | [***] ]

2023-09-12 16:38:06,777 | DEBUG | template_generator:17 =>
[ [***] | Logger INITIALIZED | [***] ]

2023-09-12 16:39:22,992 | DEBUG | template_generator:17 =>
[ [***] | Logger INITIALIZED | [***] ]

2023-09-12 16:40:20,803 | DEBUG | template_generator:17 =>
[ [***] | Logger INITIALIZED | [***] ]

2023-09-12 16:41:44,565 | DEBUG | template_generator:17 =>
[ [***] | Logger INITIALIZED | [***] ]

2023-09-12 16:53:34,805 | DEBUG | template_generator:17 =>
[ [***] | Logger INITIALIZED | [***] ]

2023-09-12 16:54:10,493 | DEBUG | template_generator:17 =>
[ [***] | Logger INITIALIZED | [***] ]

2023-09-12 16:55:59,070 | DEBUG | template_generator:17 =>
[ [***] | Logger INITIALIZED | [***] ]

2023-09-12 17:00:26,018 | DEBUG | template_generator:17 =>
[ [***] | Logger INITIALIZED | [***] ]

2023-09-12 17:02:01,459 | DEBUG | template_generator:17 =>
[ [***] | Logger INITIALIZED | [***] ]

2023-09-12 17:02:51,246 | DEBUG | template_generator:17 =>
[ [***] | Logger INITIALIZED | [***] ]

2023-09-12 17:17:46,598 | DEBUG | template_generator:17 =>
[ [***] | Logger INITIALIZED | [***] ]

2023-09-12 17:31:45,479 | DEBUG | template_generator:17 =>
[ [***] | Logger INITIALIZED | [***] ]

2023-09-12 17:34:06,501 | DEBUG | template_generator:17 =>
[ [***] | Logger INITIALIZED | [***] ]

2023-09-12 17:38:47,945 | DEBUG | template_generator:17 =>
[ [***] | Logger INITIALIZED | [***] ]

2023-09-12 17:38:55,965 | DEBUG | template_generator:17 =>
[ [***] | Logger INITIALIZED | [***] ]

2023-09-12 17:41:59,388 | DEBUG | template_generator:17 =>
[ [***] | Logger INITIALIZED | [***] ]

2023-09-12 17:44:24,413 | DEBUG | template_generator:17 =>
[ [***] | Logger INITIALIZED | [***] ]

2023-09-12 17:44:55,615 | DEBUG | template_generator:17 =>
[ [***] | Logger INITIALIZED | [***] ]

2023-09-12 17:45:32,315 | DEBUG | template_generator:17 =>
[ [***] | Logger INITIALIZED | [***] ]

2023-09-12 17:47:32,348 | DEBUG | template_generator:17 =>
[ [***] | Logger INITIALIZED | [***] ]

2023-09-12 17:54:35,341 | DEBUG | template_generator:17 =>
[ [***] | Logger INITIALIZED | [***] ]

2023-09-12 17:55:14,067 | DEBUG | template_generator:17 =>
[ [***] | Logger INITIALIZED | [***] ]

